<?xml version="1.0" encoding="UTF-8" ?>
<testsuite tests="26" failures="0" name="TestSuite" time="17.293" errors="0" skipped="0">
  <properties>
    <property name="java.runtime.name" value="Java(TM) SE Runtime Environment"/>
    <property name="sun.boot.library.path" value="C:\Program Files\Java\jdk1.8.0_231\jre\bin"/>
    <property name="java.vm.version" value="25.231-b11"/>
    <property name="java.vm.vendor" value="Oracle Corporation"/>
    <property name="maven.multiModuleProjectDirectory" value="C:\Users\Artur\IdeaProjects\ApiProject"/>
    <property name="java.vendor.url" value="http://java.oracle.com/"/>
    <property name="path.separator" value=";"/>
    <property name="guice.disable.misplaced.annotation.check" value="true"/>
    <property name="java.vm.name" value="Java HotSpot(TM) 64-Bit Server VM"/>
    <property name="file.encoding.pkg" value="sun.io"/>
    <property name="user.script" value=""/>
    <property name="user.country" value="RU"/>
    <property name="sun.java.launcher" value="SUN_STANDARD"/>
    <property name="sun.os.patch.level" value=""/>
    <property name="java.vm.specification.name" value="Java Virtual Machine Specification"/>
    <property name="user.dir" value="C:\Users\Artur\IdeaProjects\ApiProject"/>
    <property name="java.runtime.version" value="1.8.0_231-b11"/>
    <property name="java.awt.graphicsenv" value="sun.awt.Win32GraphicsEnvironment"/>
    <property name="java.endorsed.dirs" value="C:\Program Files\Java\jdk1.8.0_231\jre\lib\endorsed"/>
    <property name="os.arch" value="amd64"/>
    <property name="java.io.tmpdir" value="C:\Users\Artur\AppData\Local\Temp\"/>
    <property name="line.separator" value="
"/>
    <property name="java.vm.specification.vendor" value="Oracle Corporation"/>
    <property name="user.variant" value=""/>
    <property name="os.name" value="Windows 10"/>
    <property name="classworlds.conf" value="C:\Users\Artur\apache-maven-3.8.4\bin\m2.conf"/>
    <property name="sun.jnu.encoding" value="Cp1251"/>
    <property name="java.library.path" value="C:\Program Files\Java\jdk1.8.0_231\bin;C:\Windows\Sun\Java\bin;C:\Windows\system32;C:\Windows;C:\Program Files\Java\jdk1.8.0_231\bin\;C:\Windows\system32;C:\Windows;C:\Windows\System32\Wbem;C:\Windows\System32\WindowsPowerShell\v1.0\;C:\Windows\System32\OpenSSH\;C:\Program Files (x86)\Intel\Intel(R) Management Engine Components\DAL;C:\Program Files\Intel\Intel(R) Management Engine Components\DAL;C:\Program Files (x86)\NVIDIA Corporation\PhysX\Common;C:\Program Files\NVIDIA Corporation\NVIDIA NvDLISR;C:\Program Files\Microsoft SQL Server\130\Tools\Binn\;C:\Program Files\Git\cmd;C:\Users\Artur\apache-maven-3.8.4\bin;C:\Program Files\PuTTY\;C:\Users\Artur\scoop\shims;C:\Users\Artur\AppData\Local\Microsoft\WindowsApps;C:\Users\Artur\apache-maven-3.8.4\bin;;."/>
    <property name="maven.conf" value="C:\Users\Artur\apache-maven-3.8.4/conf"/>
    <property name="java.specification.name" value="Java Platform API Specification"/>
    <property name="java.class.version" value="52.0"/>
    <property name="sun.management.compiler" value="HotSpot 64-Bit Tiered Compilers"/>
    <property name="os.version" value="10.0"/>
    <property name="library.jansi.path" value="C:\Users\Artur\apache-maven-3.8.4\lib\jansi-native"/>
    <property name="user.home" value="C:\Users\Artur"/>
    <property name="user.timezone" value="Europe/Moscow"/>
    <property name="java.awt.printerjob" value="sun.awt.windows.WPrinterJob"/>
    <property name="java.specification.version" value="1.8"/>
    <property name="file.encoding" value="Cp1251"/>
    <property name="user.name" value="Artur"/>
    <property name="java.class.path" value="C:\Users\Artur\apache-maven-3.8.4\boot\plexus-classworlds-2.6.0.jar"/>
    <property name="java.vm.specification.version" value="1.8"/>
    <property name="sun.arch.data.model" value="64"/>
    <property name="java.home" value="C:\Program Files\Java\jdk1.8.0_231\jre"/>
    <property name="sun.java.command" value="org.codehaus.plexus.classworlds.launcher.Launcher clean test"/>
    <property name="java.specification.vendor" value="Oracle Corporation"/>
    <property name="user.language" value="ru"/>
    <property name="awt.toolkit" value="sun.awt.windows.WToolkit"/>
    <property name="java.vm.info" value="mixed mode"/>
    <property name="java.version" value="1.8.0_231"/>
    <property name="java.ext.dirs" value="C:\Program Files\Java\jdk1.8.0_231\jre\lib\ext;C:\Windows\Sun\Java\lib\ext"/>
    <property name="sun.boot.class.path" value="C:\Program Files\Java\jdk1.8.0_231\jre\lib\resources.jar;C:\Program Files\Java\jdk1.8.0_231\jre\lib\rt.jar;C:\Program Files\Java\jdk1.8.0_231\jre\lib\sunrsasign.jar;C:\Program Files\Java\jdk1.8.0_231\jre\lib\jsse.jar;C:\Program Files\Java\jdk1.8.0_231\jre\lib\jce.jar;C:\Program Files\Java\jdk1.8.0_231\jre\lib\charsets.jar;C:\Program Files\Java\jdk1.8.0_231\jre\lib\jfr.jar;C:\Program Files\Java\jdk1.8.0_231\jre\classes"/>
    <property name="sun.stderr.encoding" value="cp866"/>
    <property name="java.vendor" value="Oracle Corporation"/>
    <property name="maven.home" value="C:\Users\Artur\apache-maven-3.8.4"/>
    <property name="file.separator" value="\"/>
    <property name="java.vendor.url.bug" value="http://bugreport.sun.com/bugreport/"/>
    <property name="sun.cpu.endian" value="little"/>
    <property name="sun.io.unicode.encoding" value="UnicodeLittle"/>
    <property name="sun.stdout.encoding" value="cp866"/>
    <property name="sun.desktop" value="windows"/>
    <property name="sun.cpu.isalist" value="amd64"/>
  </properties>
  <testcase classname="api.tests.MockTest" name="checkRegister" time="0.896"/>
  <testcase classname="api.tests.MockTest" name="checkUnSuccessRegister" time="0.024"/>
  <testcase classname="api.tests.MockTest" name="deleteUserTest" time="0.013"/>
  <testcase classname="api.tests.ReqresDataFromFileTest" name="checkNullRegistration" time="1.621"/>
  <testcase classname="api.tests.ReqresDataFromFileTest" name="checkRegistration" time="0.587"/>
  <testcase classname="api.tests.ReqresDataFromFileTest" name="createUser" time="0.566"/>
  <testcase classname="api.tests.ReqresDataFromFileTest" name="loginWithProperlyData" time="0.466"/>
  <testcase classname="api.tests.ReqresDataFromFileTest" name="loginWithWrongData" time="0.516"/>
  <testcase classname="api.tests.ReqresDtoFreeTest" name="checkAvatars" time="0.91"/>
  <testcase classname="api.tests.ReqresDtoFreeTest" name="successRegistration" time="0.554"/>
  <testcase classname="api.tests.ReqresDtoFreeTest" name="unSuccessRegistration" time="0.577"/>
  <testcase classname="api.tests.ReqresTest" name="checkAvatarAndId" time="0.538"/>
  <testcase classname="api.tests.ReqresTest" name="checkListResources" time="0.452"/>
  <testcase classname="api.tests.ReqresTest" name="checkNullRegistration" time="0.438"/>
  <testcase classname="api.tests.ReqresTest" name="checkRegistration" time="0.487"/>
  <testcase classname="api.tests.ReqresTest" name="checkResourcesList" time="0.455"/>
  <testcase classname="api.tests.ReqresTest" name="createUser" time="0.548"/>
  <testcase classname="api.tests.ReqresTest" name="deleteUserTest" time="0.545"/>
  <testcase classname="api.tests.ReqresTest" name="getDelayedResponse" time="3.512"/>
  <testcase classname="api.tests.ReqresTest" name="getSingleResource" time="0.399"/>
  <testcase classname="api.tests.ReqresTest" name="getSingleUser" time="0.434"/>
  <testcase classname="api.tests.ReqresTest" name="getSingleUserNotFound" time="0.6"/>
  <testcase classname="api.tests.ReqresTest" name="getUserUpdateTime" time="0.528"/>
  <testcase classname="api.tests.ReqresTest" name="loginWithProperlyData" time="0.492"/>
  <testcase classname="api.tests.ReqresTest" name="loginWithWrongData" time="0.507"/>
  <testcase classname="api.tests.ReqresTest" name="singleResourceNotFound" time="0.628"/>
</testsuite>