<?xml version="1.0" encoding="UTF-8"?>
<!-- Generated by org.testng.reporters.JUnitReportReporter -->
<testsuite skipped="0" hostname="WIN-FNF9AQIK9ER" name="api.tests.ReqresDataFromFileTest" tests="5" failures="0" timestamp="17 мая 2022 18:27:09 GMT" time="3.756" errors="0">
  <testcase name="loginWithProperlyData" time="0.465" classname="api.tests.ReqresDataFromFileTest"/>
  <testcase name="checkNullRegistration" time="1.622" classname="api.tests.ReqresDataFromFileTest"/>
  <testcase name="loginWithWrongData" time="0.516" classname="api.tests.ReqresDataFromFileTest"/>
  <testcase name="createUser" time="0.567" classname="api.tests.ReqresDataFromFileTest"/>
  <testcase name="checkRegistration" time="0.586" classname="api.tests.ReqresDataFromFileTest"/>
</testsuite> <!-- api.tests.ReqresDataFromFileTest -->
