<?xml version="1.0" encoding="UTF-8"?>
<!-- Generated by org.testng.reporters.JUnitReportReporter -->
<testsuite skipped="0" hostname="WIN-FNF9AQIK9ER" name="api.tests.ReqresDtoFreeTest" tests="3" failures="0" timestamp="17 мая 2022 18:27:09 GMT" time="2.041" errors="0">
  <testcase name="unSuccessRegistration" time="0.577" classname="api.tests.ReqresDtoFreeTest"/>
  <testcase name="checkAvatars" time="0.910" classname="api.tests.ReqresDtoFreeTest"/>
  <testcase name="successRegistration" time="0.554" classname="api.tests.ReqresDtoFreeTest"/>
</testsuite> <!-- api.tests.ReqresDtoFreeTest -->
