<?xml version="1.0" encoding="UTF-8"?>
<!-- Generated by org.testng.reporters.JUnitReportReporter -->
<testsuite skipped="0" hostname="WIN-FNF9AQIK9ER" name="api.tests.ReqresTest" tests="15" failures="0" timestamp="17 мая 2022 18:27:09 GMT" time="10.563" errors="0">
  <testcase name="createUser" time="0.548" classname="api.tests.ReqresTest"/>
  <testcase name="checkNullRegistration" time="0.438" classname="api.tests.ReqresTest"/>
  <testcase name="getUserUpdateTime" time="0.529" classname="api.tests.ReqresTest"/>
  <testcase name="deleteUserTest" time="0.543" classname="api.tests.ReqresTest"/>
  <testcase name="singleResourceNotFound" time="0.628" classname="api.tests.ReqresTest"/>
  <testcase name="getSingleUserNotFound" time="0.599" classname="api.tests.ReqresTest"/>
  <testcase name="checkResourcesList" time="0.455" classname="api.tests.ReqresTest"/>
  <testcase name="getSingleUser" time="0.433" classname="api.tests.ReqresTest"/>
  <testcase name="checkRegistration" time="0.487" classname="api.tests.ReqresTest"/>
  <testcase name="checkAvatarAndId" time="0.538" classname="api.tests.ReqresTest"/>
  <testcase name="checkListResources" time="0.453" classname="api.tests.ReqresTest"/>
  <testcase name="getDelayedResponse" time="3.508" classname="api.tests.ReqresTest"/>
  <testcase name="getSingleResource" time="0.405" classname="api.tests.ReqresTest"/>
  <testcase name="loginWithWrongData" time="0.507" classname="api.tests.ReqresTest"/>
  <testcase name="loginWithProperlyData" time="0.492" classname="api.tests.ReqresTest"/>
</testsuite> <!-- api.tests.ReqresTest -->
