<?xml version="1.0" encoding="UTF-8"?>
<!-- Generated by org.testng.reporters.JUnitReportReporter -->
<testsuite skipped="0" hostname="WIN-FNF9AQIK9ER" name="api.tests.MockTest" tests="3" failures="0" timestamp="17 мая 2022 18:27:09 GMT" time="0.933" errors="0">
  <testcase name="deleteUserTest" time="0.013" classname="api.tests.MockTest"/>
  <testcase name="checkRegister" time="0.895" classname="api.tests.MockTest"/>
  <testcase name="checkUnSuccessRegister" time="0.025" classname="api.tests.MockTest"/>
</testsuite> <!-- api.tests.MockTest -->
